-------------------------------------------------------------------------------
Test set: com.store.db.CustomerDaoIntegrationTest
-------------------------------------------------------------------------------
<<<<<<< HEAD
<<<<<<< HEAD
Tests run: 5, Failures: 0, Errors: 0, Skipped: 0, Time elapsed: 1.965 s - in com.store.db.CustomerDaoIntegrationTest
=======
Tests run: 5, Failures: 0, Errors: 0, Skipped: 0, Time elapsed: 1.4 s - in com.store.db.CustomerDaoIntegrationTest
>>>>>>> d7040de (Removed duplicate resource test)
=======
Tests run: 5, Failures: 0, Errors: 0, Skipped: 0, Time elapsed: 153.955 s - in com.store.db.CustomerDaoIntegrationTest
>>>>>>> a8f4893 (Implemented serialize and deserialize test for Customer Entity)
