-------------------------------------------------------------------------------
Test set: com.store.resource.OrderDetailEntityResourceTest
-------------------------------------------------------------------------------
<<<<<<< HEAD
<<<<<<< HEAD
Tests run: 5, Failures: 0, Errors: 0, Skipped: 0, Time elapsed: 2.13 s - in com.store.resource.OrderDetailEntityResourceTest
=======
Tests run: 5, Failures: 0, Errors: 0, Skipped: 0, Time elapsed: 0.907 s - in com.store.resource.OrderDetailEntityResourceTest
>>>>>>> d7040de (Removed duplicate resource test)
=======
Tests run: 5, Failures: 0, Errors: 0, Skipped: 0, Time elapsed: 0.852 s - in com.store.resource.OrderDetailEntityResourceTest
>>>>>>> a8f4893 (Implemented serialize and deserialize test for Customer Entity)
